<?xml version="1.0" encoding="UTF-8"?>
<!-- Generated by org.testng.reporters.JUnitReportReporter -->
<testsuite hostname="DESKTOP-THD52OT" failures="0" tests="1" name="Framework_basics.POM_project.AppTest" time="17.596" errors="0" timestamp="2024-02-23T12:40:01 EST" skipped="0">
  <testcase classname="Framework_basics.POM_project.AppTest" name="valid_application" time="17.596"/>
  <system-out/>
</testsuite> <!-- Framework_basics.POM_project.AppTest -->
